  OpenGLA1.cpp
c:\users\g\documents\github\opengl-practise\lab_framework\source\code\objloader.h(20): warning C4996: 'fopen': This function or variable may be unsafe. Consider using fopen_s instead. To disable deprecation, use _CRT_SECURE_NO_WARNINGS. See online help for details.
  c:\program files (x86)\windows kits\10\include\10.0.16299.0\ucrt\stdio.h(207): note: see declaration of 'fopen'
c:\users\g\documents\github\opengl-practise\lab_framework\source\code\objloader.h(31): warning C4996: 'fscanf': This function or variable may be unsafe. Consider using fscanf_s instead. To disable deprecation, use _CRT_SECURE_NO_WARNINGS. See online help for details.
  c:\program files (x86)\windows kits\10\include\10.0.16299.0\ucrt\stdio.h(1195): note: see declaration of 'fscanf'
c:\users\g\documents\github\opengl-practise\lab_framework\source\code\objloader.h(39): warning C4996: 'fscanf': This function or variable may be unsafe. Consider using fscanf_s instead. To disable deprecation, use _CRT_SECURE_NO_WARNINGS. See online help for details.
  c:\program files (x86)\windows kits\10\include\10.0.16299.0\ucrt\stdio.h(1195): note: see declaration of 'fscanf'
c:\users\g\documents\github\opengl-practise\lab_framework\source\code\objloader.h(44): warning C4996: 'fscanf': This function or variable may be unsafe. Consider using fscanf_s instead. To disable deprecation, use _CRT_SECURE_NO_WARNINGS. See online help for details.
  c:\program files (x86)\windows kits\10\include\10.0.16299.0\ucrt\stdio.h(1195): note: see declaration of 'fscanf'
c:\users\g\documents\github\opengl-practise\lab_framework\source\code\objloader.h(50): warning C4996: 'fscanf': This function or variable may be unsafe. Consider using fscanf_s instead. To disable deprecation, use _CRT_SECURE_NO_WARNINGS. See online help for details.
  c:\program files (x86)\windows kits\10\include\10.0.16299.0\ucrt\stdio.h(1195): note: see declaration of 'fscanf'
c:\users\g\documents\github\opengl-practise\lab_framework\source\code\objloader.h(60): warning C4996: 'sscanf': This function or variable may be unsafe. Consider using sscanf_s instead. To disable deprecation, use _CRT_SECURE_NO_WARNINGS. See online help for details.
  c:\program files (x86)\windows kits\10\include\10.0.16299.0\ucrt\stdio.h(2261): note: see declaration of 'sscanf'
c:\users\g\documents\github\opengl-practise\lab_framework\source\code\objloader.h(63): warning C4996: 'sscanf': This function or variable may be unsafe. Consider using sscanf_s instead. To disable deprecation, use _CRT_SECURE_NO_WARNINGS. See online help for details.
  c:\program files (x86)\windows kits\10\include\10.0.16299.0\ucrt\stdio.h(2261): note: see declaration of 'sscanf'
c:\users\g\documents\github\opengl-practise\lab_framework\source\code\objloader.h(66): warning C4996: 'sscanf': This function or variable may be unsafe. Consider using sscanf_s instead. To disable deprecation, use _CRT_SECURE_NO_WARNINGS. See online help for details.
  c:\program files (x86)\windows kits\10\include\10.0.16299.0\ucrt\stdio.h(2261): note: see declaration of 'sscanf'
c:\users\g\documents\github\opengl-practise\lab_framework\source\code\objloader.h(69): warning C4996: 'sscanf': This function or variable may be unsafe. Consider using sscanf_s instead. To disable deprecation, use _CRT_SECURE_NO_WARNINGS. See online help for details.
  c:\program files (x86)\windows kits\10\include\10.0.16299.0\ucrt\stdio.h(2261): note: see declaration of 'sscanf'
c:\users\g\documents\github\opengl-practise\lab_framework\source\code\opengla1.cpp(17): warning C4067: unexpected tokens following preprocessor directive - expected a newline
c:\users\g\documents\github\opengl-practise\lab_framework\source\code\opengla1.cpp(18): warning C4067: unexpected tokens following preprocessor directive - expected a newline
c:\users\g\documents\github\opengl-practise\lab_framework\source\code\opengla1.cpp(174): warning C4244: 'initializing': conversion from 'double' to 'float', possible loss of data
c:\users\g\documents\github\opengl-practise\lab_framework\source\code\opengla1.cpp(185): warning C4244: 'argument': conversion from 'time_t' to 'unsigned int', possible loss of data
c:\users\g\documents\github\opengl-practise\lab_framework\source\code\opengla1.cpp(220): warning C4244: 'initializing': conversion from 'double' to 'float', possible loss of data
c:\users\g\documents\github\opengl-practise\lab_framework\source\code\opengla1.cpp(225): warning C4244: '=': conversion from 'int' to 'GLfloat', possible loss of data
c:\users\g\documents\github\opengl-practise\lab_framework\source\code\opengla1.cpp(226): warning C4244: '=': conversion from 'int' to 'GLfloat', possible loss of data
c:\users\g\documents\github\opengl-practise\lab_framework\source\code\opengla1.cpp(480): warning C4244: '-=': conversion from 'double' to 'float', possible loss of data
c:\users\g\documents\github\opengl-practise\lab_framework\source\code\opengla1.cpp(481): warning C4244: '-=': conversion from 'double' to 'float', possible loss of data
c:\users\g\documents\github\opengl-practise\lab_framework\source\code\opengla1.cpp(196): warning C4101: 'lightWorldMatrix': unreferenced local variable
c:\users\g\documents\github\opengl-practise\lab_framework\source\code\opengla1.cpp(1193): warning C4244: 'argument': conversion from 'const float' to 'int', possible loss of data
c:\users\g\documents\github\opengl-practise\lab_framework\source\code\opengla1.cpp(1218): warning C4244: '-=': conversion from 'double' to 'float', possible loss of data
  Labs.vcxproj -> C:\Users\G\Documents\GitHub\opengl-practise\Lab_Framework\VS2017\/../Bin/Labs-Debug.exe
